Determining if the pthread_create exist failed with the following output:
Change Dir: /home/youssef/ROCO506Z/turtlebot2_wss/turtlebot_2dslam/build/CMakeFiles/CMakeTmp

Run Build Command:"/usr/bin/make" "cmTC_04135/fast"
/usr/bin/make -f CMakeFiles/cmTC_04135.dir/build.make CMakeFiles/cmTC_04135.dir/build
make[1]: Entering directory '/home/youssef/ROCO506Z/turtlebot2_wss/turtlebot_2dslam/build/CMakeFiles/CMakeTmp'
Building C object CMakeFiles/cmTC_04135.dir/CheckSymbolExists.c.o
/usr/bin/cc     -o CMakeFiles/cmTC_04135.dir/CheckSymbolExists.c.o   -c /home/youssef/ROCO506Z/turtlebot2_wss/turtlebot_2dslam/build/CMakeFiles/CMakeTmp/CheckSymbolExists.c
Linking C executable cmTC_04135
/usr/bin/cmake -E cmake_link_script CMakeFiles/cmTC_04135.dir/link.txt --verbose=1
/usr/bin/cc       CMakeFiles/cmTC_04135.dir/CheckSymbolExists.c.o  -o cmTC_04135 -rdynamic 
CMakeFiles/cmTC_04135.dir/CheckSymbolExists.c.o: In function `main':
CheckSymbolExists.c:(.text+0x16): undefined reference to `pthread_create'
collect2: error: ld returned 1 exit status
CMakeFiles/cmTC_04135.dir/build.make:97: recipe for target 'cmTC_04135' failed
make[1]: *** [cmTC_04135] Error 1
make[1]: Leaving directory '/home/youssef/ROCO506Z/turtlebot2_wss/turtlebot_2dslam/build/CMakeFiles/CMakeTmp'
Makefile:126: recipe for target 'cmTC_04135/fast' failed
make: *** [cmTC_04135/fast] Error 2

File /home/youssef/ROCO506Z/turtlebot2_wss/turtlebot_2dslam/build/CMakeFiles/CMakeTmp/CheckSymbolExists.c:
/* */
#include <pthread.h>

int main(int argc, char** argv)
{
  (void)argv;
#ifndef pthread_create
  return ((int*)(&pthread_create))[argc];
#else
  (void)argc;
  return 0;
#endif
}

Determining if the function pthread_create exists in the pthreads failed with the following output:
Change Dir: /home/youssef/ROCO506Z/turtlebot2_wss/turtlebot_2dslam/build/CMakeFiles/CMakeTmp

Run Build Command:"/usr/bin/make" "cmTC_ccee2/fast"
/usr/bin/make -f CMakeFiles/cmTC_ccee2.dir/build.make CMakeFiles/cmTC_ccee2.dir/build
make[1]: Entering directory '/home/youssef/ROCO506Z/turtlebot2_wss/turtlebot_2dslam/build/CMakeFiles/CMakeTmp'
Building C object CMakeFiles/cmTC_ccee2.dir/CheckFunctionExists.c.o
/usr/bin/cc    -DCHECK_FUNCTION_EXISTS=pthread_create   -o CMakeFiles/cmTC_ccee2.dir/CheckFunctionExists.c.o   -c /usr/share/cmake-3.5/Modules/CheckFunctionExists.c
Linking C executable cmTC_ccee2
/usr/bin/cmake -E cmake_link_script CMakeFiles/cmTC_ccee2.dir/link.txt --verbose=1
/usr/bin/cc   -DCHECK_FUNCTION_EXISTS=pthread_create    CMakeFiles/cmTC_ccee2.dir/CheckFunctionExists.c.o  -o cmTC_ccee2 -rdynamic -lpthreads 
/usr/bin/ld: cannot find -lpthreads
collect2: error: ld returned 1 exit status
CMakeFiles/cmTC_ccee2.dir/build.make:97: recipe for target 'cmTC_ccee2' failed
make[1]: *** [cmTC_ccee2] Error 1
make[1]: Leaving directory '/home/youssef/ROCO506Z/turtlebot2_wss/turtlebot_2dslam/build/CMakeFiles/CMakeTmp'
Makefile:126: recipe for target 'cmTC_ccee2/fast' failed
make: *** [cmTC_ccee2/fast] Error 2


