Determining if the pthread_create exist failed with the following output:
Change Dir: /home/user001/ROCO506Z/turtlebot2_wss/turtlebot_simulation/build/vrep_ugv_plugin/CMakeFiles/CMakeTmp

Run Build Command:"/usr/bin/make" "cmTC_b6ff4/fast"
/usr/bin/make -f CMakeFiles/cmTC_b6ff4.dir/build.make CMakeFiles/cmTC_b6ff4.dir/build
make[1]: Entering directory '/home/user001/ROCO506Z/turtlebot2_wss/turtlebot_simulation/build/vrep_ugv_plugin/CMakeFiles/CMakeTmp'
Building C object CMakeFiles/cmTC_b6ff4.dir/CheckSymbolExists.c.o
/usr/bin/cc     -o CMakeFiles/cmTC_b6ff4.dir/CheckSymbolExists.c.o   -c /home/user001/ROCO506Z/turtlebot2_wss/turtlebot_simulation/build/vrep_ugv_plugin/CMakeFiles/CMakeTmp/CheckSymbolExists.c
Linking C executable cmTC_b6ff4
/usr/bin/cmake -E cmake_link_script CMakeFiles/cmTC_b6ff4.dir/link.txt --verbose=1
/usr/bin/cc       CMakeFiles/cmTC_b6ff4.dir/CheckSymbolExists.c.o  -o cmTC_b6ff4 -rdynamic 
CMakeFiles/cmTC_b6ff4.dir/CheckSymbolExists.c.o: In function `main':
CheckSymbolExists.c:(.text+0x16): undefined reference to `pthread_create'
collect2: error: ld returned 1 exit status
CMakeFiles/cmTC_b6ff4.dir/build.make:97: recipe for target 'cmTC_b6ff4' failed
make[1]: *** [cmTC_b6ff4] Error 1
make[1]: Leaving directory '/home/user001/ROCO506Z/turtlebot2_wss/turtlebot_simulation/build/vrep_ugv_plugin/CMakeFiles/CMakeTmp'
Makefile:126: recipe for target 'cmTC_b6ff4/fast' failed
make: *** [cmTC_b6ff4/fast] Error 2

File /home/user001/ROCO506Z/turtlebot2_wss/turtlebot_simulation/build/vrep_ugv_plugin/CMakeFiles/CMakeTmp/CheckSymbolExists.c:
/* */
#include <pthread.h>

int main(int argc, char** argv)
{
  (void)argv;
#ifndef pthread_create
  return ((int*)(&pthread_create))[argc];
#else
  (void)argc;
  return 0;
#endif
}

Determining if the function pthread_create exists in the pthreads failed with the following output:
Change Dir: /home/user001/ROCO506Z/turtlebot2_wss/turtlebot_simulation/build/vrep_ugv_plugin/CMakeFiles/CMakeTmp

Run Build Command:"/usr/bin/make" "cmTC_da154/fast"
/usr/bin/make -f CMakeFiles/cmTC_da154.dir/build.make CMakeFiles/cmTC_da154.dir/build
make[1]: Entering directory '/home/user001/ROCO506Z/turtlebot2_wss/turtlebot_simulation/build/vrep_ugv_plugin/CMakeFiles/CMakeTmp'
Building C object CMakeFiles/cmTC_da154.dir/CheckFunctionExists.c.o
/usr/bin/cc    -DCHECK_FUNCTION_EXISTS=pthread_create   -o CMakeFiles/cmTC_da154.dir/CheckFunctionExists.c.o   -c /usr/share/cmake-3.5/Modules/CheckFunctionExists.c
Linking C executable cmTC_da154
/usr/bin/cmake -E cmake_link_script CMakeFiles/cmTC_da154.dir/link.txt --verbose=1
/usr/bin/cc   -DCHECK_FUNCTION_EXISTS=pthread_create    CMakeFiles/cmTC_da154.dir/CheckFunctionExists.c.o  -o cmTC_da154 -rdynamic -lpthreads 
/usr/bin/ld: cannot find -lpthreads
collect2: error: ld returned 1 exit status
CMakeFiles/cmTC_da154.dir/build.make:97: recipe for target 'cmTC_da154' failed
make[1]: *** [cmTC_da154] Error 1
make[1]: Leaving directory '/home/user001/ROCO506Z/turtlebot2_wss/turtlebot_simulation/build/vrep_ugv_plugin/CMakeFiles/CMakeTmp'
Makefile:126: recipe for target 'cmTC_da154/fast' failed
make: *** [cmTC_da154/fast] Error 2


