Determining if the pthread_create exist failed with the following output:
Change Dir: /home/youssef/ROCO506Z/turtlebot2_wss/turtlebot_simulation/build/catkin_tools_prebuild/CMakeFiles/CMakeTmp

Run Build Command:"/usr/bin/make" "cmTC_f2c9f/fast"
/usr/bin/make -f CMakeFiles/cmTC_f2c9f.dir/build.make CMakeFiles/cmTC_f2c9f.dir/build
make[1]: Entering directory '/home/youssef/ROCO506Z/turtlebot2_wss/turtlebot_simulation/build/catkin_tools_prebuild/CMakeFiles/CMakeTmp'
Building C object CMakeFiles/cmTC_f2c9f.dir/CheckSymbolExists.c.o
/usr/bin/cc     -o CMakeFiles/cmTC_f2c9f.dir/CheckSymbolExists.c.o   -c /home/youssef/ROCO506Z/turtlebot2_wss/turtlebot_simulation/build/catkin_tools_prebuild/CMakeFiles/CMakeTmp/CheckSymbolExists.c
Linking C executable cmTC_f2c9f
/usr/bin/cmake -E cmake_link_script CMakeFiles/cmTC_f2c9f.dir/link.txt --verbose=1
/usr/bin/cc       CMakeFiles/cmTC_f2c9f.dir/CheckSymbolExists.c.o  -o cmTC_f2c9f -rdynamic 
CMakeFiles/cmTC_f2c9f.dir/CheckSymbolExists.c.o: In function `main':
CheckSymbolExists.c:(.text+0x16): undefined reference to `pthread_create'
collect2: error: ld returned 1 exit status
CMakeFiles/cmTC_f2c9f.dir/build.make:97: recipe for target 'cmTC_f2c9f' failed
make[1]: *** [cmTC_f2c9f] Error 1
make[1]: Leaving directory '/home/youssef/ROCO506Z/turtlebot2_wss/turtlebot_simulation/build/catkin_tools_prebuild/CMakeFiles/CMakeTmp'
Makefile:126: recipe for target 'cmTC_f2c9f/fast' failed
make: *** [cmTC_f2c9f/fast] Error 2

File /home/youssef/ROCO506Z/turtlebot2_wss/turtlebot_simulation/build/catkin_tools_prebuild/CMakeFiles/CMakeTmp/CheckSymbolExists.c:
/* */
#include <pthread.h>

int main(int argc, char** argv)
{
  (void)argv;
#ifndef pthread_create
  return ((int*)(&pthread_create))[argc];
#else
  (void)argc;
  return 0;
#endif
}

Determining if the function pthread_create exists in the pthreads failed with the following output:
Change Dir: /home/youssef/ROCO506Z/turtlebot2_wss/turtlebot_simulation/build/catkin_tools_prebuild/CMakeFiles/CMakeTmp

Run Build Command:"/usr/bin/make" "cmTC_faa5d/fast"
/usr/bin/make -f CMakeFiles/cmTC_faa5d.dir/build.make CMakeFiles/cmTC_faa5d.dir/build
make[1]: Entering directory '/home/youssef/ROCO506Z/turtlebot2_wss/turtlebot_simulation/build/catkin_tools_prebuild/CMakeFiles/CMakeTmp'
Building C object CMakeFiles/cmTC_faa5d.dir/CheckFunctionExists.c.o
/usr/bin/cc    -DCHECK_FUNCTION_EXISTS=pthread_create   -o CMakeFiles/cmTC_faa5d.dir/CheckFunctionExists.c.o   -c /usr/share/cmake-3.5/Modules/CheckFunctionExists.c
Linking C executable cmTC_faa5d
/usr/bin/cmake -E cmake_link_script CMakeFiles/cmTC_faa5d.dir/link.txt --verbose=1
/usr/bin/cc   -DCHECK_FUNCTION_EXISTS=pthread_create    CMakeFiles/cmTC_faa5d.dir/CheckFunctionExists.c.o  -o cmTC_faa5d -rdynamic -lpthreads 
/usr/bin/ld: cannot find -lpthreads
collect2: error: ld returned 1 exit status
CMakeFiles/cmTC_faa5d.dir/build.make:97: recipe for target 'cmTC_faa5d' failed
make[1]: *** [cmTC_faa5d] Error 1
make[1]: Leaving directory '/home/youssef/ROCO506Z/turtlebot2_wss/turtlebot_simulation/build/catkin_tools_prebuild/CMakeFiles/CMakeTmp'
Makefile:126: recipe for target 'cmTC_faa5d/fast' failed
make: *** [cmTC_faa5d/fast] Error 2


